<?xml version="1.0" encoding="UTF-8"?>
<TestRun id="c62f635e-75b1-43ef-85a3-f29242b51a78" name="nishida.masashi@NISHIDAMASASHI 2015-03-25 21:14:38" runUser="nishidamasashi\nishida.masashi" xmlns="http://microsoft.com/schemas/VisualStudio/TeamTest/2010">
  <TestSettings name="既定のテストの設定" id="3532ce29-072e-406f-aa53-506e412ab0a6">
    <Deployment runDeploymentRoot="nishida.masashi_NISHIDAMASASHI 2015-03-25 21_14_38">
      <DeploymentItem filename="C:\Users\nishida.masashi\Desktop\ClassLibrary1\ClassLibrary1\bin\Debug\ClassLibrary1.dll" />
    </Deployment>
    <Execution>
      <TestTypeSpecific />
      <AgentRule name="Execution Agents">
      </AgentRule>
    </Execution>
  </TestSettings>
  <Times creation="2015-03-25T21:14:38.7173093+09:00" queuing="2015-03-25T21:14:39.4393506+09:00" start="2015-03-25T21:14:39.4813530+09:00" finish="2015-03-25T21:14:40.5804158+09:00" />
  <ResultSummary outcome="Failed">
    <Counters total="11" executed="11" passed="7" error="0" failed="4" timeout="0" aborted="0" inconclusive="0" passedButRunAborted="0" notRunnable="0" notExecuted="0" disconnected="0" warning="0" completed="0" inProgress="0" pending="0" />
    <RunInfos>
      <RunInfo computerName="NISHIDAMASASHI" outcome="Warning" timestamp="2015-03-25T21:14:38.8333159+09:00">
        <Text>警告: テストの実行の配置問題です: 配置項目 'TestProject1\CSVData.csv' テスト 'TestProject1.Class1Test.NG_DoubleValueTest' によって指定されています のファイルを取得できませんでした: System.IO.FileNotFoundException: ファイル 'C:\Users\nishida.masashi\Desktop\ClassLibrary1\TestProject1\CSVData.csv' が見つかりませんでした。</Text>
        <Exception>System.IO.FileNotFoundException: ファイル 'C:\Users\nishida.masashi\Desktop\ClassLibrary1\TestProject1\CSVData.csv' が見つかりませんでした。
ファイル名 'C:\Users\nishida.masashi\Desktop\ClassLibrary1\TestProject1\CSVData.csv' です。'C:\Users\nishida.masashi\Desktop\ClassLibrary1\TestProject1\CSVData.csv'
   場所 System.IO.__Error.WinIOError(Int32 errorCode, String maybeFullPath)
   場所 System.IO.File.GetAttributes(String path)
   場所 Microsoft.VisualStudio.TestTools.Common.SingleFileProvider.GetFilePaths()
   場所 Microsoft.VisualStudio.TestTools.TestManagement.DeploymentCoverageItem.GetFiles(TestRunConfiguration runConfig)
   場所 Microsoft.VisualStudio.TestTools.TestManagement.DeploymentManager.DoDeployment(TestRun run, FileCopyService fileCopyService)</Exception>
      </RunInfo>
    </RunInfos>
  </ResultSummary>
  <TestDefinitions>
    <UnitTest name="NG_DoubleValueTest" storage="c:\users\nishida.masashi\desktop\classlibrary1\testproject1\bin\debug\testproject1.dll" id="d82e455b-ec62-d57b-e2ca-11eceef3f39d">
      <Description>テストが失敗するデータを使用しています</Description>
      <DeploymentItems>
        <DeploymentItem filename="TestProject1\NG_CSVData.csv" />
        <DeploymentItem filename="TestProject1\CSVData.csv" />
      </DeploymentItems>
      <Execution id="4755ddcb-4df9-4ca0-b26b-2ba262079bb9" />
      <TestMethod codeBase="C:/Users/nishida.masashi/Desktop/ClassLibrary1/TestProject1/bin/Debug/TestProject1.DLL" adapterTypeName="Microsoft.VisualStudio.TestTools.TestTypes.Unit.UnitTestAdapter, Microsoft.VisualStudio.QualityTools.Tips.UnitTest.Adapter, Version=10.0.0.0, Culture=neutral, PublicKeyToken=b03f5f7f11d50a3a" className="TestProject1.Class1Test, TestProject1, Version=1.0.0.0, Culture=neutral, PublicKeyToken=null" name="NG_DoubleValueTest" />
      <DataSource connectionString="|DataDirectory|\NG_CSVData.csv" providerInvariantName="Microsoft.VisualStudio.TestTools.DataSource.CSV" tableName="NG_CSVData#csv" />
    </UnitTest>
    <UnitTest name="OK_DoubleValueTest" storage="c:\users\nishida.masashi\desktop\classlibrary1\testproject1\bin\debug\testproject1.dll" id="d29c94c4-6483-0103-8f8b-2607218e4bb0">
      <Description>テストが成功するデータ</Description>
      <DeploymentItems>
        <DeploymentItem filename="TestProject1\OK_CSVData.csv" />
        <DeploymentItem filename="TestProject1\CSVData.csv" />
      </DeploymentItems>
      <Execution id="70c5faed-1bc8-4a9b-96f1-83c63ef5592b" />
      <TestMethod codeBase="C:/Users/nishida.masashi/Desktop/ClassLibrary1/TestProject1/bin/Debug/TestProject1.DLL" adapterTypeName="Microsoft.VisualStudio.TestTools.TestTypes.Unit.UnitTestAdapter, Microsoft.VisualStudio.QualityTools.Tips.UnitTest.Adapter, Version=10.0.0.0, Culture=neutral, PublicKeyToken=b03f5f7f11d50a3a" className="TestProject1.Class1Test, TestProject1, Version=1.0.0.0, Culture=neutral, PublicKeyToken=null" name="OK_DoubleValueTest" />
      <DataSource connectionString="|DataDirectory|\OK_CSVData.csv" providerInvariantName="Microsoft.VisualStudio.TestTools.DataSource.CSV" tableName="OK_CSVData#csv" />
    </UnitTest>
  </TestDefinitions>
  <TestLists>
    <TestList name="一覧に存在しない結果" id="8c84fa94-04c1-424b-9868-57a2d4851a1d" />
    <TestList name="読み込まれたすべての結果" id="19431567-8539-422a-85d7-44ee4e166bda" />
  </TestLists>
  <TestEntries>
    <TestEntry testId="d82e455b-ec62-d57b-e2ca-11eceef3f39d" executionId="4755ddcb-4df9-4ca0-b26b-2ba262079bb9" testListId="8c84fa94-04c1-424b-9868-57a2d4851a1d" />
    <TestEntry testId="d29c94c4-6483-0103-8f8b-2607218e4bb0" executionId="70c5faed-1bc8-4a9b-96f1-83c63ef5592b" testListId="8c84fa94-04c1-424b-9868-57a2d4851a1d" />
  </TestEntries>
  <Results>
    <UnitTestResult executionId="4755ddcb-4df9-4ca0-b26b-2ba262079bb9" testId="d82e455b-ec62-d57b-e2ca-11eceef3f39d" testName="NG_DoubleValueTest" computerName="NISHIDAMASASHI" duration="00:00:00.3695627" startTime="2015-03-25T21:14:39.5113547+09:00" endTime="2015-03-25T21:14:40.3214010+09:00" testType="13cdc9d9-ddb5-4fa4-a97d-d965ccfc6d4b" outcome="Failed" testListId="8c84fa94-04c1-424b-9868-57a2d4851a1d" relativeResultsDirectory="4755ddcb-4df9-4ca0-b26b-2ba262079bb9" resultType="DataDrivenTest">
      <Counters error="0" failed="3" timeout="0" aborted="0" inconclusive="0" passedButRunAborted="0" notRunnable="0" notExecuted="0" disconnected="0" warning="0" passed="2" completed="0" inProgress="0" pending="0" />
      <InnerResults>
        <UnitTestResult executionId="b82a647a-cb0b-4e20-958a-6fe474429e42" parentExecutionId="4755ddcb-4df9-4ca0-b26b-2ba262079bb9" testId="d82e455b-ec62-d57b-e2ca-11eceef3f39d" testName="NG_DoubleValueTest" computerName="NISHIDAMASASHI" duration="00:00:00.0308261" startTime="2015-03-25T21:14:40.1363904+09:00" endTime="2015-03-25T21:14:40.1713924+09:00" testType="13cdc9d9-ddb5-4fa4-a97d-d965ccfc6d4b" outcome="Passed" testListId="8c84fa94-04c1-424b-9868-57a2d4851a1d" relativeResultsDirectory="4755ddcb-4df9-4ca0-b26b-2ba262079bb9" dataRowInfo="0" resultType="DataDrivenDataRow" />
        <UnitTestResult executionId="1cc98fe7-ff7b-4970-841b-758decadcd31" parentExecutionId="4755ddcb-4df9-4ca0-b26b-2ba262079bb9" testId="d82e455b-ec62-d57b-e2ca-11eceef3f39d" testName="NG_DoubleValueTest" computerName="NISHIDAMASASHI" duration="00:00:00.0282585" startTime="2015-03-25T21:14:40.1713924+09:00" endTime="2015-03-25T21:14:40.2003941+09:00" testType="13cdc9d9-ddb5-4fa4-a97d-d965ccfc6d4b" outcome="Passed" testListId="8c84fa94-04c1-424b-9868-57a2d4851a1d" relativeResultsDirectory="4755ddcb-4df9-4ca0-b26b-2ba262079bb9" dataRowInfo="1" resultType="DataDrivenDataRow" />
        <UnitTestResult executionId="5ccdbc09-9d80-40e0-b584-42eb6a6b5dfa" parentExecutionId="4755ddcb-4df9-4ca0-b26b-2ba262079bb9" testId="d82e455b-ec62-d57b-e2ca-11eceef3f39d" testName="NG_DoubleValueTest" computerName="NISHIDAMASASHI" duration="00:00:00.0417004" startTime="2015-03-25T21:14:40.2003941+09:00" endTime="2015-03-25T21:14:40.2413964+09:00" testType="13cdc9d9-ddb5-4fa4-a97d-d965ccfc6d4b" outcome="Failed" testListId="8c84fa94-04c1-424b-9868-57a2d4851a1d" relativeResultsDirectory="4755ddcb-4df9-4ca0-b26b-2ba262079bb9" dataRowInfo="2" resultType="DataDrivenDataRow">
          <Output>
            <ErrorInfo>
              <Message>テスト メソッド TestProject1.Class1Test.NG_DoubleValueTest が例外をスローしました: 
System.OverflowException: 算術演算の結果オーバーフローが発生しました。</Message>
              <StackTrace>    場所 Microsoft.VisualBasic.CompilerServices.Conversions.ToByte(Object Value)
   場所 TestProject1.Class1Test.Sub_DoubleValueTest() 場所 C:\Users\nishida.masashi\Desktop\ClassLibrary1\TestProject1\Class1Test.vb:行 79
   場所 TestProject1.Class1Test.NG_DoubleValueTest() 場所 C:\Users\nishida.masashi\Desktop\ClassLibrary1\TestProject1\Class1Test.vb:行 88
</StackTrace>
            </ErrorInfo>
          </Output>
        </UnitTestResult>
        <UnitTestResult executionId="dd6c4d7e-d2aa-4a34-91eb-84e4fbc36772" parentExecutionId="4755ddcb-4df9-4ca0-b26b-2ba262079bb9" testId="d82e455b-ec62-d57b-e2ca-11eceef3f39d" testName="NG_DoubleValueTest" computerName="NISHIDAMASASHI" duration="00:00:00.0242136" startTime="2015-03-25T21:14:40.2423965+09:00" endTime="2015-03-25T21:14:40.2663979+09:00" testType="13cdc9d9-ddb5-4fa4-a97d-d965ccfc6d4b" outcome="Failed" testListId="8c84fa94-04c1-424b-9868-57a2d4851a1d" relativeResultsDirectory="4755ddcb-4df9-4ca0-b26b-2ba262079bb9" dataRowInfo="3" resultType="DataDrivenDataRow">
          <Output>
            <ErrorInfo>
              <Message>テスト メソッド TestProject1.Class1Test.NG_DoubleValueTest が例外をスローしました: 
System.OverflowException: 算術演算の結果オーバーフローが発生しました。</Message>
              <StackTrace>    場所 ClassLibrary1.Class1.DoubleValue(Byte val) 場所 C:\Users\nishida.masashi\Desktop\ClassLibrary1\ClassLibrary1\Class1.vb:行 4
   場所 TestProject1.Class1Test.Sub_DoubleValueTest() 場所 C:\Users\nishida.masashi\Desktop\ClassLibrary1\TestProject1\Class1Test.vb:行 79
   場所 TestProject1.Class1Test.NG_DoubleValueTest() 場所 C:\Users\nishida.masashi\Desktop\ClassLibrary1\TestProject1\Class1Test.vb:行 88
</StackTrace>
            </ErrorInfo>
          </Output>
        </UnitTestResult>
        <UnitTestResult executionId="6eb440e0-fc86-48e1-bd08-3fe29a7d3838" parentExecutionId="4755ddcb-4df9-4ca0-b26b-2ba262079bb9" testId="d82e455b-ec62-d57b-e2ca-11eceef3f39d" testName="NG_DoubleValueTest" computerName="NISHIDAMASASHI" duration="00:00:00.0360227" startTime="2015-03-25T21:14:40.2663979+09:00" endTime="2015-03-25T21:14:40.3023999+09:00" testType="13cdc9d9-ddb5-4fa4-a97d-d965ccfc6d4b" outcome="Failed" testListId="8c84fa94-04c1-424b-9868-57a2d4851a1d" relativeResultsDirectory="4755ddcb-4df9-4ca0-b26b-2ba262079bb9" dataRowInfo="4" resultType="DataDrivenDataRow">
          <Output>
            <ErrorInfo>
              <Message>Assert.Fail に失敗しました。</Message>
              <StackTrace>   場所 TestProject1.Class1Test.Sub_DoubleValueTest() 場所 C:\Users\nishida.masashi\Desktop\ClassLibrary1\TestProject1\Class1Test.vb:行 76
   場所 TestProject1.Class1Test.NG_DoubleValueTest() 場所 C:\Users\nishida.masashi\Desktop\ClassLibrary1\TestProject1\Class1Test.vb:行 88
</StackTrace>
            </ErrorInfo>
          </Output>
        </UnitTestResult>
      </InnerResults>
    </UnitTestResult>
    <UnitTestResult executionId="70c5faed-1bc8-4a9b-96f1-83c63ef5592b" testId="d29c94c4-6483-0103-8f8b-2607218e4bb0" testName="OK_DoubleValueTest" computerName="NISHIDAMASASHI" duration="00:00:00.1164157" startTime="2015-03-25T21:14:40.3354018+09:00" endTime="2015-03-25T21:14:40.4844103+09:00" testType="13cdc9d9-ddb5-4fa4-a97d-d965ccfc6d4b" outcome="Passed" testListId="8c84fa94-04c1-424b-9868-57a2d4851a1d" relativeResultsDirectory="70c5faed-1bc8-4a9b-96f1-83c63ef5592b" resultType="DataDrivenTest">
      <Counters error="0" failed="0" timeout="0" aborted="0" inconclusive="0" passedButRunAborted="0" notRunnable="0" notExecuted="0" disconnected="0" warning="0" passed="4" completed="0" inProgress="0" pending="0" />
      <InnerResults>
        <UnitTestResult executionId="348b5c7b-4795-45c3-9e06-fd16d79287c0" parentExecutionId="70c5faed-1bc8-4a9b-96f1-83c63ef5592b" testId="d29c94c4-6483-0103-8f8b-2607218e4bb0" testName="OK_DoubleValueTest" computerName="NISHIDAMASASHI" duration="00:00:00.0002119" startTime="2015-03-25T21:14:40.4614090+09:00" endTime="2015-03-25T21:14:40.4614090+09:00" testType="13cdc9d9-ddb5-4fa4-a97d-d965ccfc6d4b" outcome="Passed" testListId="8c84fa94-04c1-424b-9868-57a2d4851a1d" relativeResultsDirectory="70c5faed-1bc8-4a9b-96f1-83c63ef5592b" dataRowInfo="0" resultType="DataDrivenDataRow" />
        <UnitTestResult executionId="4cc8a616-ba4b-40dc-8824-e3ebdd3871f7" parentExecutionId="70c5faed-1bc8-4a9b-96f1-83c63ef5592b" testId="d29c94c4-6483-0103-8f8b-2607218e4bb0" testName="OK_DoubleValueTest" computerName="NISHIDAMASASHI" duration="00:00:00.0077534" startTime="2015-03-25T21:14:40.4614090+09:00" endTime="2015-03-25T21:14:40.4694095+09:00" testType="13cdc9d9-ddb5-4fa4-a97d-d965ccfc6d4b" outcome="Passed" testListId="8c84fa94-04c1-424b-9868-57a2d4851a1d" relativeResultsDirectory="70c5faed-1bc8-4a9b-96f1-83c63ef5592b" dataRowInfo="1" resultType="DataDrivenDataRow" />
        <UnitTestResult executionId="763fed26-1e19-4182-94fb-a3533f49bfa6" parentExecutionId="70c5faed-1bc8-4a9b-96f1-83c63ef5592b" testId="d29c94c4-6483-0103-8f8b-2607218e4bb0" testName="OK_DoubleValueTest" computerName="NISHIDAMASASHI" duration="00:00:00.0000285" startTime="2015-03-25T21:14:40.4694095+09:00" endTime="2015-03-25T21:14:40.4694095+09:00" testType="13cdc9d9-ddb5-4fa4-a97d-d965ccfc6d4b" outcome="Passed" testListId="8c84fa94-04c1-424b-9868-57a2d4851a1d" relativeResultsDirectory="70c5faed-1bc8-4a9b-96f1-83c63ef5592b" dataRowInfo="2" resultType="DataDrivenDataRow" />
        <UnitTestResult executionId="70086a92-b280-4478-aad2-591ff7354655" parentExecutionId="70c5faed-1bc8-4a9b-96f1-83c63ef5592b" testId="d29c94c4-6483-0103-8f8b-2607218e4bb0" testName="OK_DoubleValueTest" computerName="NISHIDAMASASHI" duration="00:00:00.0073991" startTime="2015-03-25T21:14:40.4694095+09:00" endTime="2015-03-25T21:14:40.4764099+09:00" testType="13cdc9d9-ddb5-4fa4-a97d-d965ccfc6d4b" outcome="Passed" testListId="8c84fa94-04c1-424b-9868-57a2d4851a1d" relativeResultsDirectory="70c5faed-1bc8-4a9b-96f1-83c63ef5592b" dataRowInfo="3" resultType="DataDrivenDataRow" />
      </InnerResults>
    </UnitTestResult>
  </Results>
</TestRun>